<?xml version="1.0" encoding="UTF-8"?>
<!-- Generated by org.testng.reporters.JUnitXMLReporter -->
<testsuite hostname="LAPTOP-2K509544" failures="0" tests="11" name="End to End test" time="182.618" errors="0" timestamp="13 Feb 2021 19:25:58 GMT">
  <testcase classname="com.FreeCRM.testcases.LoginPageTest" name="titleTest" time="0.024"/>
  <testcase classname="com.FreeCRM.testcases.ContactTestPage" name="NewContact" time="6.559"/>
  <testcase classname="com.FreeCRM.testcases.ContactTestPage" name="NewContact" time="6.582"/>
  <testcase classname="com.FreeCRM.testcases.ContactTestPage" name="NewContact" time="6.76"/>
  <testcase classname="com.FreeCRM.testcases.ContactTestPage" name="NewContact" time="8.739"/>
  <testcase classname="com.FreeCRM.testcases.LoginPageTest" name="Loginpage" time="4.361"/>
  <testcase classname="com.FreeCRM.testcases.LoginPageTest" name="LoginVaild" time="8.236"/>
  <testcase classname="com.FreeCRM.testcases.HomePage" name="LoginCheck" time="1.822"/>
  <testcase classname="com.FreeCRM.testcases.HomePage" name="ContactsTab" time="1.509"/>
  <testcase classname="com.FreeCRM.testcases.HomePage" name="DealsTab" time="2.238"/>
  <testcase classname="com.FreeCRM.testcases.HomePage" name="TasksTab" time="1.721"/>
</testsuite> <!-- End to End test -->
