<?xml version="1.0" encoding="UTF-8"?>
<testng-results total="1" passed="1" failed="0" skipped="0">
  <reporter-output>
  </reporter-output>
  <suite started-at="2021-02-13T18:45:57Z" name="Default suite" finished-at="2021-02-13T18:46:06Z" duration-ms="8398">
    <groups>
    </groups>
    <test started-at="2021-02-13T18:45:57Z" name="Default test" finished-at="2021-02-13T18:46:06Z" duration-ms="8398">
      <class name="FreeCRMApp.FreeCRMApp.App">
        <test-method signature="setup()[pri:0, instance:FreeCRMApp.FreeCRMApp.App@58cbafc2]" started-at="2021-02-13T22:45:57Z" name="setup" finished-at="2021-02-13T22:46:06Z" duration-ms="8381" status="PASS">
          <reporter-output>
          </reporter-output>
        </test-method> <!-- setup -->
      </class> <!-- FreeCRMApp.FreeCRMApp.App -->
    </test> <!-- Default test -->
  </suite> <!-- Default suite -->
</testng-results>
